0 verbose cli /usr/bin/node /usr/bin/npm
1 info using npm@8.19.4
2 info using node@v16.20.2
3 timing npm:load:whichnode Completed in 0ms
4 timing config:load:defaults Completed in 1ms
5 timing config:load:file:/usr/lib/node_modules/npm/npmrc Completed in 15ms
6 timing config:load:builtin Completed in 15ms
7 timing config:load:cli Completed in 1ms
8 timing config:load:env Completed in 0ms
9 timing config:load:file:/home/ec2-user/image-upload-app/.npmrc Completed in 0ms
10 timing config:load:project Completed in 6ms
11 timing config:load:file:/home/ec2-user/.npmrc Completed in 0ms
12 timing config:load:user Completed in 0ms
13 timing config:load:file:/usr/etc/npmrc Completed in 0ms
14 timing config:load:global Completed in 0ms
15 timing config:load:validate Completed in 0ms
16 timing config:load:credentials Completed in 2ms
17 timing config:load:setEnvs Completed in 0ms
18 timing config:load Completed in 27ms
19 timing npm:load:configload Completed in 27ms
20 timing npm:load:mkdirpcache Completed in 1ms
21 timing npm:load:mkdirplogs Completed in 0ms
22 verbose title npm install express
23 verbose argv "install" "express"
24 timing npm:load:setTitle Completed in 1ms
25 timing config:load:flatten Completed in 2ms
26 timing npm:load:display Completed in 4ms
27 verbose logfile logs-max:10 dir:/home/ec2-user/.npm/_logs
28 verbose logfile /home/ec2-user/.npm/_logs/2024-11-03T01_46_46_996Z-debug-0.log
29 timing npm:load:logFile Completed in 4ms
30 timing npm:load:timers Completed in 0ms
31 timing npm:load:configScope Completed in 1ms
32 timing npm:load Completed in 38ms
33 timing arborist:ctor Completed in 1ms
34 silly logfile done cleaning log files
35 timing idealTree:init Completed in 52ms
36 timing idealTree:userRequests Completed in 2ms
37 silly idealTree buildDeps
38 silly fetch manifest express@*
39 timing arborist:ctor Completed in 0ms
40 http fetch GET 200 https://registry.npmjs.org/express 115ms (cache miss)
41 silly placeDep ROOT express@4.21.1 OK for: image-upload-app@1.0.0 want: *
42 silly fetch manifest qs@6.13.0
43 silly fetch manifest depd@2.0.0
44 silly fetch manifest etag@~1.8.1
45 silly fetch manifest send@0.19.0
46 silly fetch manifest vary@~1.1.2
47 silly fetch manifest debug@2.6.9
48 silly fetch manifest fresh@0.5.2
49 silly fetch manifest cookie@0.7.1
50 silly fetch manifest accepts@~1.3.8
51 silly fetch manifest methods@~1.1.2
52 silly fetch manifest type-is@~1.6.18
53 silly fetch manifest parseurl@~1.3.3
54 silly fetch manifest statuses@2.0.1
55 silly fetch manifest encodeurl@~2.0.0
56 silly fetch manifest proxy-addr@~2.0.7
57 silly fetch manifest body-parser@1.20.3
58 silly fetch manifest escape-html@~1.0.3
59 silly fetch manifest http-errors@2.0.0
60 silly fetch manifest on-finished@2.4.1
61 silly fetch manifest safe-buffer@5.2.1
62 silly fetch manifest utils-merge@1.0.1
63 silly fetch manifest content-type@~1.0.4
64 silly fetch manifest finalhandler@1.3.1
65 silly fetch manifest range-parser@~1.2.1
66 silly fetch manifest serve-static@1.16.2
67 silly fetch manifest array-flatten@1.1.1
68 silly fetch manifest path-to-regexp@0.1.10
69 silly fetch manifest setprototypeof@1.2.0
70 silly fetch manifest cookie-signature@1.0.6
71 silly fetch manifest merge-descriptors@1.0.3
72 silly fetch manifest content-disposition@0.5.4
73 http fetch GET 200 https://registry.npmjs.org/qs 186ms (cache miss)
74 http fetch GET 200 https://registry.npmjs.org/vary 192ms (cache miss)
75 http fetch GET 200 https://registry.npmjs.org/utils-merge 184ms (cache miss)
76 http fetch GET 200 https://registry.npmjs.org/etag 203ms (cache miss)
77 http fetch GET 200 https://registry.npmjs.org/depd 204ms (cache miss)
78 http fetch GET 200 https://registry.npmjs.org/escape-html 195ms (cache miss)
79 http fetch GET 200 https://registry.npmjs.org/methods 199ms (cache miss)
80 http fetch GET 200 https://registry.npmjs.org/encodeurl 199ms (cache miss)
81 http fetch GET 200 https://registry.npmjs.org/statuses 199ms (cache miss)
82 http fetch GET 200 https://registry.npmjs.org/on-finished 198ms (cache miss)
83 http fetch GET 200 https://registry.npmjs.org/content-type 197ms (cache miss)
84 http fetch GET 200 https://registry.npmjs.org/fresh 206ms (cache miss)
85 http fetch GET 200 https://registry.npmjs.org/safe-buffer 199ms (cache miss)
86 http fetch GET 200 https://registry.npmjs.org/parseurl 204ms (cache miss)
87 http fetch GET 200 https://registry.npmjs.org/type-is 204ms (cache miss)
88 http fetch GET 200 https://registry.npmjs.org/range-parser 201ms (cache miss)
89 http fetch GET 200 https://registry.npmjs.org/accepts 209ms (cache miss)
90 http fetch GET 200 https://registry.npmjs.org/cookie 210ms (cache miss)
91 http fetch GET 200 https://registry.npmjs.org/proxy-addr 208ms (cache miss)
92 http fetch GET 200 https://registry.npmjs.org/merge-descriptors 197ms (cache miss)
93 http fetch GET 200 https://registry.npmjs.org/finalhandler 206ms (cache miss)
94 http fetch GET 200 https://registry.npmjs.org/content-disposition 199ms (cache miss)
95 http fetch GET 200 https://registry.npmjs.org/setprototypeof 203ms (cache miss)
96 http fetch GET 200 https://registry.npmjs.org/body-parser 211ms (cache miss)
97 http fetch GET 200 https://registry.npmjs.org/http-errors 211ms (cache miss)
98 http fetch GET 200 https://registry.npmjs.org/array-flatten 207ms (cache miss)
99 http fetch GET 200 https://registry.npmjs.org/cookie-signature 203ms (cache miss)
100 http fetch GET 200 https://registry.npmjs.org/send 222ms (cache miss)
101 http fetch GET 200 https://registry.npmjs.org/serve-static 209ms (cache miss)
102 http fetch GET 200 https://registry.npmjs.org/debug 223ms (cache miss)
103 http fetch GET 200 https://registry.npmjs.org/path-to-regexp 212ms (cache miss)
104 timing idealTree:#root Completed in 354ms
105 silly placeDep ROOT accepts@1.3.8 OK for: express@4.21.1 want: ~1.3.8
106 silly placeDep ROOT array-flatten@1.1.1 OK for: express@4.21.1 want: 1.1.1
107 silly placeDep ROOT body-parser@1.20.3 OK for: express@4.21.1 want: 1.20.3
108 silly placeDep ROOT content-disposition@0.5.4 OK for: express@4.21.1 want: 0.5.4
109 silly placeDep ROOT content-type@1.0.5 OK for: express@4.21.1 want: ~1.0.4
110 silly placeDep ROOT cookie@0.7.1 OK for: express@4.21.1 want: 0.7.1
111 silly placeDep ROOT cookie-signature@1.0.6 OK for: express@4.21.1 want: 1.0.6
112 silly placeDep ROOT debug@2.6.9 OK for: express@4.21.1 want: 2.6.9
113 silly placeDep ROOT depd@2.0.0 OK for: express@4.21.1 want: 2.0.0
114 silly placeDep ROOT encodeurl@2.0.0 OK for: express@4.21.1 want: ~2.0.0
115 silly placeDep ROOT escape-html@1.0.3 OK for: express@4.21.1 want: ~1.0.3
116 silly placeDep ROOT etag@1.8.1 OK for: express@4.21.1 want: ~1.8.1
117 silly placeDep ROOT finalhandler@1.3.1 OK for: express@4.21.1 want: 1.3.1
118 silly placeDep ROOT fresh@0.5.2 OK for: express@4.21.1 want: 0.5.2
119 silly placeDep ROOT http-errors@2.0.0 OK for: express@4.21.1 want: 2.0.0
120 silly placeDep ROOT merge-descriptors@1.0.3 OK for: express@4.21.1 want: 1.0.3
121 silly placeDep ROOT methods@1.1.2 OK for: express@4.21.1 want: ~1.1.2
122 silly placeDep ROOT on-finished@2.4.1 OK for: express@4.21.1 want: 2.4.1
123 silly placeDep ROOT parseurl@1.3.3 OK for: express@4.21.1 want: ~1.3.3
124 silly placeDep ROOT path-to-regexp@0.1.10 OK for: express@4.21.1 want: 0.1.10
125 silly placeDep ROOT proxy-addr@2.0.7 OK for: express@4.21.1 want: ~2.0.7
126 silly placeDep ROOT qs@6.13.0 OK for: express@4.21.1 want: 6.13.0
127 silly placeDep ROOT range-parser@1.2.1 OK for: express@4.21.1 want: ~1.2.1
128 silly placeDep ROOT safe-buffer@5.2.1 OK for: express@4.21.1 want: 5.2.1
129 silly placeDep ROOT send@0.19.0 OK for: express@4.21.1 want: 0.19.0
130 silly placeDep ROOT serve-static@1.16.2 OK for: express@4.21.1 want: 1.16.2
131 silly placeDep ROOT setprototypeof@1.2.0 OK for: express@4.21.1 want: 1.2.0
132 silly placeDep ROOT statuses@2.0.1 OK for: express@4.21.1 want: 2.0.1
133 silly placeDep ROOT type-is@1.6.18 OK for: express@4.21.1 want: ~1.6.18
134 silly placeDep ROOT utils-merge@1.0.1 OK for: express@4.21.1 want: 1.0.1
135 silly placeDep ROOT vary@1.1.2 OK for: express@4.21.1 want: ~1.1.2
136 silly fetch manifest mime-types@~2.1.34
137 silly fetch manifest negotiator@0.6.3
138 silly fetch manifest bytes@3.1.2
139 silly fetch manifest unpipe@1.0.0
140 silly fetch manifest destroy@1.2.0
141 silly fetch manifest raw-body@2.5.2
142 silly fetch manifest iconv-lite@0.4.24
143 silly fetch manifest ms@2.0.0
144 silly fetch manifest unpipe@~1.0.0
145 silly fetch manifest toidentifier@1.0.1
146 silly fetch manifest ee-first@1.1.1
147 silly fetch manifest forwarded@0.2.0
148 silly fetch manifest ipaddr.js@1.9.1
149 silly fetch manifest side-channel@^1.0.6
150 silly fetch manifest ms@2.1.3
151 silly fetch manifest mime@1.6.0
152 silly fetch manifest encodeurl@~1.0.2
153 silly fetch manifest mime-types@~2.1.24
154 silly fetch manifest media-typer@0.3.0
155 http fetch GET 200 https://registry.npmjs.org/toidentifier 117ms (cache miss)
156 http fetch GET 200 https://registry.npmjs.org/unpipe 123ms (cache miss)
157 http fetch GET 200 https://registry.npmjs.org/unpipe 121ms (cache miss)
158 http fetch GET 200 https://registry.npmjs.org/forwarded 122ms (cache miss)
159 http fetch GET 200 https://registry.npmjs.org/destroy 128ms (cache miss)
160 http fetch GET 200 https://registry.npmjs.org/ee-first 123ms (cache miss)
161 http fetch GET 200 https://registry.npmjs.org/bytes 130ms (cache miss)
162 http fetch GET 200 https://registry.npmjs.org/raw-body 128ms (cache miss)
163 http fetch GET 200 https://registry.npmjs.org/ms 128ms (cache miss)
164 http fetch GET 200 https://registry.npmjs.org/side-channel 121ms (cache miss)
165 http fetch GET 200 https://registry.npmjs.org/ipaddr.js 125ms (cache miss)
166 http fetch GET 200 https://registry.npmjs.org/negotiator 133ms (cache miss)
167 http fetch GET 200 https://registry.npmjs.org/ms 123ms (cache miss)
168 http fetch GET 200 https://registry.npmjs.org/media-typer 123ms (cache miss)
169 http fetch GET 200 https://registry.npmjs.org/mime 124ms (cache miss)
170 http fetch GET 200 https://registry.npmjs.org/iconv-lite 133ms (cache miss)
171 http fetch GET 200 https://registry.npmjs.org/mime-types 125ms (cache miss)
172 http fetch GET 200 https://registry.npmjs.org/mime-types 140ms (cache miss)
173 timing idealTree:node_modules/express Completed in 190ms
174 silly placeDep ROOT mime-types@2.1.35 OK for: accepts@1.3.8 want: ~2.1.34
175 silly placeDep ROOT negotiator@0.6.3 OK for: accepts@1.3.8 want: 0.6.3
176 silly fetch manifest mime-db@1.52.0
177 http fetch GET 200 https://registry.npmjs.org/mime-db 30ms (cache miss)
178 timing idealTree:node_modules/accepts Completed in 34ms
179 timing idealTree:node_modules/array-flatten Completed in 0ms
180 silly placeDep ROOT bytes@3.1.2 OK for: body-parser@1.20.3 want: 3.1.2
181 silly placeDep ROOT destroy@1.2.0 OK for: body-parser@1.20.3 want: 1.2.0
182 silly placeDep ROOT iconv-lite@0.4.24 OK for: body-parser@1.20.3 want: 0.4.24
183 silly placeDep ROOT raw-body@2.5.2 OK for: body-parser@1.20.3 want: 2.5.2
184 silly placeDep ROOT unpipe@1.0.0 OK for: body-parser@1.20.3 want: 1.0.0
185 silly fetch manifest safer-buffer@>= 2.1.2 < 3
186 http fetch GET 200 https://registry.npmjs.org/safer-buffer 24ms (cache miss)
187 timing idealTree:node_modules/body-parser Completed in 36ms
188 timing idealTree:node_modules/bytes Completed in 0ms
189 timing idealTree:node_modules/content-disposition Completed in 0ms
190 timing idealTree:node_modules/content-type Completed in 0ms
191 timing idealTree:node_modules/cookie Completed in 0ms
192 timing idealTree:node_modules/cookie-signature Completed in 0ms
193 silly placeDep ROOT ms@2.0.0 OK for: debug@2.6.9 want: 2.0.0
194 timing idealTree:node_modules/debug Completed in 0ms
195 timing idealTree:node_modules/depd Completed in 0ms
196 timing idealTree:node_modules/destroy Completed in 0ms
197 timing idealTree:node_modules/encodeurl Completed in 0ms
198 timing idealTree:node_modules/escape-html Completed in 0ms
199 timing idealTree:node_modules/etag Completed in 0ms
200 timing idealTree:node_modules/finalhandler Completed in 0ms
201 timing idealTree:node_modules/fresh Completed in 0ms
202 silly placeDep ROOT toidentifier@1.0.1 OK for: http-errors@2.0.0 want: 1.0.1
203 timing idealTree:node_modules/http-errors Completed in 0ms
204 silly placeDep ROOT safer-buffer@2.1.2 OK for: iconv-lite@0.4.24 want: >= 2.1.2 < 3
205 timing idealTree:node_modules/iconv-lite Completed in 1ms
206 timing idealTree:node_modules/merge-descriptors Completed in 0ms
207 timing idealTree:node_modules/methods Completed in 0ms
208 silly placeDep ROOT mime-db@1.52.0 OK for: mime-types@2.1.35 want: 1.52.0
209 timing idealTree:node_modules/mime-types Completed in 1ms
210 timing idealTree:node_modules/mime-db Completed in 0ms
211 timing idealTree:node_modules/ms Completed in 0ms
212 timing idealTree:node_modules/negotiator Completed in 0ms
213 silly placeDep ROOT ee-first@1.1.1 OK for: on-finished@2.4.1 want: 1.1.1
214 timing idealTree:node_modules/on-finished Completed in 1ms
215 timing idealTree:node_modules/ee-first Completed in 0ms
216 timing idealTree:node_modules/parseurl Completed in 0ms
217 timing idealTree:node_modules/path-to-regexp Completed in 0ms
218 silly placeDep ROOT forwarded@0.2.0 OK for: proxy-addr@2.0.7 want: 0.2.0
219 silly placeDep ROOT ipaddr.js@1.9.1 OK for: proxy-addr@2.0.7 want: 1.9.1
220 timing idealTree:node_modules/proxy-addr Completed in 1ms
221 timing idealTree:node_modules/forwarded Completed in 0ms
222 timing idealTree:node_modules/ipaddr.js Completed in 0ms
223 silly placeDep ROOT side-channel@1.0.6 OK for: qs@6.13.0 want: ^1.0.6
224 silly fetch manifest object-inspect@^1.13.1
225 http fetch GET 200 https://registry.npmjs.org/object-inspect 31ms (cache miss)
226 timing idealTree:node_modules/qs Completed in 33ms
227 timing idealTree:node_modules/range-parser Completed in 0ms
228 timing idealTree:node_modules/raw-body Completed in 0ms
229 timing idealTree:node_modules/safe-buffer Completed in 0ms
230 timing idealTree:node_modules/safer-buffer Completed in 0ms
231 silly placeDep node_modules/send encodeurl@1.0.2 OK for: send@0.19.0 want: ~1.0.2
232 silly placeDep ROOT mime@1.6.0 OK for: send@0.19.0 want: 1.6.0
233 silly placeDep node_modules/send ms@2.1.3 OK for: send@0.19.0 want: 2.1.3
234 timing idealTree:node_modules/send Completed in 3ms
235 timing idealTree:node_modules/mime Completed in 1ms
236 timing idealTree:node_modules/serve-static Completed in 0ms
237 timing idealTree:node_modules/setprototypeof Completed in 0ms
238 silly placeDep ROOT object-inspect@1.13.2 OK for: side-channel@1.0.6 want: ^1.13.1
239 timing idealTree:node_modules/side-channel Completed in 0ms
240 timing idealTree:node_modules/object-inspect Completed in 0ms
241 timing idealTree:node_modules/statuses Completed in 0ms
242 timing idealTree:node_modules/toidentifier Completed in 0ms
243 silly placeDep ROOT media-typer@0.3.0 OK for: type-is@1.6.18 want: 0.3.0
244 timing idealTree:node_modules/type-is Completed in 1ms
245 timing idealTree:node_modules/media-typer Completed in 0ms
246 timing idealTree:node_modules/unpipe Completed in 0ms
247 timing idealTree:node_modules/utils-merge Completed in 0ms
248 timing idealTree:node_modules/vary Completed in 0ms
249 timing idealTree:node_modules/send/node_modules/encodeurl Completed in 0ms
250 timing idealTree:node_modules/send/node_modules/ms Completed in 0ms
251 timing idealTree:buildDeps Completed in 662ms
252 timing idealTree:fixDepFlags Completed in 1ms
253 timing idealTree Completed in 726ms
254 timing reify:loadTrees Completed in 726ms
255 timing reify:diffTrees Completed in 7ms
256 silly reify moves {}
257 timing reify:retireShallow Completed in 1ms
258 timing reify:createSparse Completed in 39ms
259 timing reify:loadBundles Completed in 0ms
260 silly audit bulk request {
260 silly audit   'available-typed-arrays': [ '1.0.7' ],
260 silly audit   'aws-sdk': [ '2.1691.0' ],
260 silly audit   'base64-js': [ '1.5.1' ],
260 silly audit   buffer: [ '4.9.2' ],
260 silly audit   'call-bind': [ '1.0.7' ],
260 silly audit   'define-data-property': [ '1.1.4' ],
260 silly audit   'es-define-property': [ '1.0.0' ],
260 silly audit   'es-errors': [ '1.3.0' ],
260 silly audit   events: [ '1.1.1' ],
260 silly audit   'for-each': [ '0.3.3' ],
260 silly audit   'function-bind': [ '1.1.2' ],
260 silly audit   'get-intrinsic': [ '1.2.4' ],
260 silly audit   gopd: [ '1.0.1' ],
260 silly audit   'has-property-descriptors': [ '1.0.2' ],
260 silly audit   'has-proto': [ '1.0.3' ],
260 silly audit   'has-symbols': [ '1.0.3' ],
260 silly audit   'has-tostringtag': [ '1.0.2' ],
260 silly audit   hasown: [ '2.0.2' ],
260 silly audit   ieee754: [ '1.1.13' ],
260 silly audit   inherits: [ '2.0.4' ],
260 silly audit   'is-arguments': [ '1.1.1' ],
260 silly audit   'is-callable': [ '1.2.7' ],
260 silly audit   'is-generator-function': [ '1.0.10' ],
260 silly audit   'is-typed-array': [ '1.1.13' ],
260 silly audit   isarray: [ '1.0.0' ],
260 silly audit   jmespath: [ '0.16.0' ],
260 silly audit   'possible-typed-array-names': [ '1.0.0' ],
260 silly audit   punycode: [ '1.3.2' ],
260 silly audit   querystring: [ '0.2.0' ],
260 silly audit   sax: [ '1.2.1' ],
260 silly audit   'set-function-length': [ '1.2.2' ],
260 silly audit   url: [ '0.10.3' ],
260 silly audit   util: [ '0.12.5' ],
260 silly audit   uuid: [ '8.0.0' ],
260 silly audit   'which-typed-array': [ '1.1.15' ],
260 silly audit   xml2js: [ '0.6.2' ],
260 silly audit   xmlbuilder: [ '11.0.1' ],
260 silly audit   express: [ '4.21.1' ],
260 silly audit   accepts: [ '1.3.8' ],
260 silly audit   'array-flatten': [ '1.1.1' ],
260 silly audit   'body-parser': [ '1.20.3' ],
260 silly audit   'content-disposition': [ '0.5.4' ],
260 silly audit   'content-type': [ '1.0.5' ],
260 silly audit   cookie: [ '0.7.1' ],
260 silly audit   'cookie-signature': [ '1.0.6' ],
260 silly audit   debug: [ '2.6.9' ],
260 silly audit   depd: [ '2.0.0' ],
260 silly audit   encodeurl: [ '2.0.0', '1.0.2' ],
260 silly audit   'escape-html': [ '1.0.3' ],
260 silly audit   etag: [ '1.8.1' ],
260 silly audit   finalhandler: [ '1.3.1' ],
260 silly audit   fresh: [ '0.5.2' ],
260 silly audit   'http-errors': [ '2.0.0' ],
260 silly audit   'merge-descriptors': [ '1.0.3' ],
260 silly audit   methods: [ '1.1.2' ],
260 silly audit   'on-finished': [ '2.4.1' ],
260 silly audit   parseurl: [ '1.3.3' ],
260 silly audit   'path-to-regexp': [ '0.1.10' ],
260 silly audit   'proxy-addr': [ '2.0.7' ],
260 silly audit   qs: [ '6.13.0' ],
260 silly audit   'range-parser': [ '1.2.1' ],
260 silly audit   'safe-buffer': [ '5.2.1' ],
260 silly audit   send: [ '0.19.0' ],
260 silly audit   'serve-static': [ '1.16.2' ],
260 silly audit   setprototypeof: [ '1.2.0' ],
260 silly audit   statuses: [ '2.0.1' ],
260 silly audit   'type-is': [ '1.6.18' ],
260 silly audit   'utils-merge': [ '1.0.1' ],
260 silly audit   vary: [ '1.1.2' ],
260 silly audit   'mime-types': [ '2.1.35' ],
260 silly audit   negotiator: [ '0.6.3' ],
260 silly audit   bytes: [ '3.1.2' ],
260 silly audit   destroy: [ '1.2.0' ],
260 silly audit   'iconv-lite': [ '0.4.24' ],
260 silly audit   'raw-body': [ '2.5.2' ],
260 silly audit   unpipe: [ '1.0.0' ],
260 silly audit   ms: [ '2.0.0', '2.1.3' ],
260 silly audit   toidentifier: [ '1.0.1' ],
260 silly audit   'safer-buffer': [ '2.1.2' ],
260 silly audit   'mime-db': [ '1.52.0' ],
260 silly audit   'ee-first': [ '1.1.1' ],
260 silly audit   forwarded: [ '0.2.0' ],
260 silly audit   'ipaddr.js': [ '1.9.1' ],
260 silly audit   'side-channel': [ '1.0.6' ],
260 silly audit   mime: [ '1.6.0' ],
260 silly audit   'object-inspect': [ '1.13.2' ],
260 silly audit   'media-typer': [ '0.3.0' ]
260 silly audit }
261 silly tarball no local data for media-typer@https://registry.npmjs.org/media-typer/-/media-typer-0.3.0.tgz. Extracting by manifest.
262 silly tarball no local data for object-inspect@https://registry.npmjs.org/object-inspect/-/object-inspect-1.13.2.tgz. Extracting by manifest.
263 silly tarball no local data for mime@https://registry.npmjs.org/mime/-/mime-1.6.0.tgz. Extracting by manifest.
264 silly tarball no local data for side-channel@https://registry.npmjs.org/side-channel/-/side-channel-1.0.6.tgz. Extracting by manifest.
265 silly tarball no local data for ipaddr.js@https://registry.npmjs.org/ipaddr.js/-/ipaddr.js-1.9.1.tgz. Extracting by manifest.
266 silly tarball no local data for forwarded@https://registry.npmjs.org/forwarded/-/forwarded-0.2.0.tgz. Extracting by manifest.
267 silly tarball no local data for ee-first@https://registry.npmjs.org/ee-first/-/ee-first-1.1.1.tgz. Extracting by manifest.
268 silly tarball no local data for mime-db@https://registry.npmjs.org/mime-db/-/mime-db-1.52.0.tgz. Extracting by manifest.
269 silly tarball no local data for safer-buffer@https://registry.npmjs.org/safer-buffer/-/safer-buffer-2.1.2.tgz. Extracting by manifest.
270 silly tarball no local data for toidentifier@https://registry.npmjs.org/toidentifier/-/toidentifier-1.0.1.tgz. Extracting by manifest.
271 silly tarball no local data for ms@https://registry.npmjs.org/ms/-/ms-2.0.0.tgz. Extracting by manifest.
272 silly tarball no local data for unpipe@https://registry.npmjs.org/unpipe/-/unpipe-1.0.0.tgz. Extracting by manifest.
273 silly tarball no local data for raw-body@https://registry.npmjs.org/raw-body/-/raw-body-2.5.2.tgz. Extracting by manifest.
274 silly tarball no local data for iconv-lite@https://registry.npmjs.org/iconv-lite/-/iconv-lite-0.4.24.tgz. Extracting by manifest.
275 silly tarball no local data for destroy@https://registry.npmjs.org/destroy/-/destroy-1.2.0.tgz. Extracting by manifest.
276 silly tarball no local data for bytes@https://registry.npmjs.org/bytes/-/bytes-3.1.2.tgz. Extracting by manifest.
277 silly tarball no local data for negotiator@https://registry.npmjs.org/negotiator/-/negotiator-0.6.3.tgz. Extracting by manifest.
278 silly tarball no local data for mime-types@https://registry.npmjs.org/mime-types/-/mime-types-2.1.35.tgz. Extracting by manifest.
279 silly tarball no local data for vary@https://registry.npmjs.org/vary/-/vary-1.1.2.tgz. Extracting by manifest.
280 silly tarball no local data for utils-merge@https://registry.npmjs.org/utils-merge/-/utils-merge-1.0.1.tgz. Extracting by manifest.
281 silly tarball no local data for type-is@https://registry.npmjs.org/type-is/-/type-is-1.6.18.tgz. Extracting by manifest.
282 silly tarball no local data for statuses@https://registry.npmjs.org/statuses/-/statuses-2.0.1.tgz. Extracting by manifest.
283 silly tarball no local data for setprototypeof@https://registry.npmjs.org/setprototypeof/-/setprototypeof-1.2.0.tgz. Extracting by manifest.
284 silly tarball no local data for serve-static@https://registry.npmjs.org/serve-static/-/serve-static-1.16.2.tgz. Extracting by manifest.
285 silly tarball no local data for send@https://registry.npmjs.org/send/-/send-0.19.0.tgz. Extracting by manifest.
286 silly tarball no local data for safe-buffer@https://registry.npmjs.org/safe-buffer/-/safe-buffer-5.2.1.tgz. Extracting by manifest.
287 silly tarball no local data for range-parser@https://registry.npmjs.org/range-parser/-/range-parser-1.2.1.tgz. Extracting by manifest.
288 silly tarball no local data for qs@https://registry.npmjs.org/qs/-/qs-6.13.0.tgz. Extracting by manifest.
289 silly tarball no local data for proxy-addr@https://registry.npmjs.org/proxy-addr/-/proxy-addr-2.0.7.tgz. Extracting by manifest.
290 silly tarball no local data for path-to-regexp@https://registry.npmjs.org/path-to-regexp/-/path-to-regexp-0.1.10.tgz. Extracting by manifest.
291 silly tarball no local data for parseurl@https://registry.npmjs.org/parseurl/-/parseurl-1.3.3.tgz. Extracting by manifest.
292 silly tarball no local data for on-finished@https://registry.npmjs.org/on-finished/-/on-finished-2.4.1.tgz. Extracting by manifest.
293 silly tarball no local data for methods@https://registry.npmjs.org/methods/-/methods-1.1.2.tgz. Extracting by manifest.
294 silly tarball no local data for merge-descriptors@https://registry.npmjs.org/merge-descriptors/-/merge-descriptors-1.0.3.tgz. Extracting by manifest.
295 silly tarball no local data for http-errors@https://registry.npmjs.org/http-errors/-/http-errors-2.0.0.tgz. Extracting by manifest.
296 silly tarball no local data for fresh@https://registry.npmjs.org/fresh/-/fresh-0.5.2.tgz. Extracting by manifest.
297 silly tarball no local data for finalhandler@https://registry.npmjs.org/finalhandler/-/finalhandler-1.3.1.tgz. Extracting by manifest.
298 silly tarball no local data for etag@https://registry.npmjs.org/etag/-/etag-1.8.1.tgz. Extracting by manifest.
299 silly tarball no local data for escape-html@https://registry.npmjs.org/escape-html/-/escape-html-1.0.3.tgz. Extracting by manifest.
300 silly tarball no local data for encodeurl@https://registry.npmjs.org/encodeurl/-/encodeurl-2.0.0.tgz. Extracting by manifest.
301 silly tarball no local data for depd@https://registry.npmjs.org/depd/-/depd-2.0.0.tgz. Extracting by manifest.
302 silly tarball no local data for debug@https://registry.npmjs.org/debug/-/debug-2.6.9.tgz. Extracting by manifest.
303 silly tarball no local data for cookie-signature@https://registry.npmjs.org/cookie-signature/-/cookie-signature-1.0.6.tgz. Extracting by manifest.
304 silly tarball no local data for cookie@https://registry.npmjs.org/cookie/-/cookie-0.7.1.tgz. Extracting by manifest.
305 silly tarball no local data for content-type@https://registry.npmjs.org/content-type/-/content-type-1.0.5.tgz. Extracting by manifest.
306 silly tarball no local data for content-disposition@https://registry.npmjs.org/content-disposition/-/content-disposition-0.5.4.tgz. Extracting by manifest.
307 silly tarball no local data for body-parser@https://registry.npmjs.org/body-parser/-/body-parser-1.20.3.tgz. Extracting by manifest.
308 silly tarball no local data for array-flatten@https://registry.npmjs.org/array-flatten/-/array-flatten-1.1.1.tgz. Extracting by manifest.
309 silly tarball no local data for accepts@https://registry.npmjs.org/accepts/-/accepts-1.3.8.tgz. Extracting by manifest.
310 silly tarball no local data for express@https://registry.npmjs.org/express/-/express-4.21.1.tgz. Extracting by manifest.
311 silly tarball no local data for ms@https://registry.npmjs.org/ms/-/ms-2.1.3.tgz. Extracting by manifest.
312 silly tarball no local data for encodeurl@https://registry.npmjs.org/encodeurl/-/encodeurl-1.0.2.tgz. Extracting by manifest.
313 http fetch POST 200 https://registry.npmjs.org/-/npm/v1/security/advisories/bulk 191ms
314 timing auditReport:getReport Completed in 194ms
315 silly audit report {}
316 timing auditReport:init Completed in 0ms
317 timing reify:audit Completed in 194ms
318 http fetch GET 200 https://registry.npmjs.org/bytes/-/bytes-3.1.2.tgz 494ms (cache miss)
319 timing reifyNode:node_modules/bytes Completed in 545ms
320 http fetch GET 200 https://registry.npmjs.org/destroy/-/destroy-1.2.0.tgz 499ms (cache miss)
321 timing reifyNode:node_modules/destroy Completed in 550ms
322 http fetch GET 200 https://registry.npmjs.org/type-is/-/type-is-1.6.18.tgz 487ms (cache miss)
323 timing reifyNode:node_modules/type-is Completed in 550ms
324 http fetch GET 200 https://registry.npmjs.org/on-finished/-/on-finished-2.4.1.tgz 471ms (cache miss)
325 timing reifyNode:node_modules/on-finished Completed in 550ms
326 http fetch GET 200 https://registry.npmjs.org/ee-first/-/ee-first-1.1.1.tgz 517ms (cache miss)
327 timing reifyNode:node_modules/ee-first Completed in 554ms
328 http fetch GET 200 https://registry.npmjs.org/forwarded/-/forwarded-0.2.0.tgz 518ms (cache miss)
329 timing reifyNode:node_modules/forwarded Completed in 554ms
330 http fetch GET 200 https://registry.npmjs.org/mime-types/-/mime-types-2.1.35.tgz 498ms (cache miss)
331 timing reifyNode:node_modules/mime-types Completed in 554ms
332 http fetch GET 200 https://registry.npmjs.org/unpipe/-/unpipe-1.0.0.tgz 506ms (cache miss)
333 timing reifyNode:node_modules/unpipe Completed in 555ms
334 http fetch GET 200 https://registry.npmjs.org/path-to-regexp/-/path-to-regexp-0.1.10.tgz 478ms (cache miss)
335 timing reifyNode:node_modules/path-to-regexp Completed in 556ms
336 http fetch GET 200 https://registry.npmjs.org/range-parser/-/range-parser-1.2.1.tgz 484ms (cache miss)
337 timing reifyNode:node_modules/range-parser Completed in 556ms
338 http fetch GET 200 https://registry.npmjs.org/etag/-/etag-1.8.1.tgz 444ms (cache miss)
339 timing reifyNode:node_modules/etag Completed in 556ms
340 http fetch GET 200 https://registry.npmjs.org/media-typer/-/media-typer-0.3.0.tgz 532ms (cache miss)
341 timing reifyNode:node_modules/media-typer Completed in 560ms
342 http fetch GET 200 https://registry.npmjs.org/utils-merge/-/utils-merge-1.0.1.tgz 501ms (cache miss)
343 timing reifyNode:node_modules/utils-merge Completed in 559ms
344 http fetch GET 200 https://registry.npmjs.org/merge-descriptors/-/merge-descriptors-1.0.3.tgz 455ms (cache miss)
345 timing reifyNode:node_modules/merge-descriptors Completed in 558ms
346 http fetch GET 200 https://registry.npmjs.org/safe-buffer/-/safe-buffer-5.2.1.tgz 491ms (cache miss)
347 timing reifyNode:node_modules/safe-buffer Completed in 563ms
348 http fetch GET 200 https://registry.npmjs.org/cookie-signature/-/cookie-signature-1.0.6.tgz 434ms (cache miss)
349 timing reifyNode:node_modules/cookie-signature Completed in 562ms
350 http fetch GET 200 https://registry.npmjs.org/ms/-/ms-2.0.0.tgz 519ms (cache miss)
351 timing reifyNode:node_modules/ms Completed in 565ms
352 http fetch GET 200 https://registry.npmjs.org/send/-/send-0.19.0.tgz 496ms (cache miss)
353 timing reifyNode:node_modules/send Completed in 566ms
354 http fetch GET 200 https://registry.npmjs.org/escape-html/-/escape-html-1.0.3.tgz 448ms (cache miss)
355 timing reifyNode:node_modules/escape-html Completed in 566ms
356 http fetch GET 200 https://registry.npmjs.org/toidentifier/-/toidentifier-1.0.1.tgz 527ms (cache miss)
357 timing reifyNode:node_modules/toidentifier Completed in 570ms
358 http fetch GET 200 https://registry.npmjs.org/negotiator/-/negotiator-0.6.3.tgz 515ms (cache miss)
359 timing reifyNode:node_modules/negotiator Completed in 570ms
360 http fetch GET 200 https://registry.npmjs.org/vary/-/vary-1.1.2.tgz 513ms (cache miss)
361 timing reifyNode:node_modules/vary Completed in 570ms
362 http fetch GET 200 https://registry.npmjs.org/setprototypeof/-/setprototypeof-1.2.0.tgz 506ms (cache miss)
363 timing reifyNode:node_modules/setprototypeof Completed in 571ms
364 http fetch GET 200 https://registry.npmjs.org/fresh/-/fresh-0.5.2.tgz 460ms (cache miss)
365 timing reifyNode:node_modules/fresh Completed in 571ms
366 http fetch GET 200 https://registry.npmjs.org/parseurl/-/parseurl-1.3.3.tgz 493ms (cache miss)
367 timing reifyNode:node_modules/parseurl Completed in 571ms
368 http fetch GET 200 https://registry.npmjs.org/methods/-/methods-1.1.2.tgz 490ms (cache miss)
369 timing reifyNode:node_modules/methods Completed in 571ms
370 http fetch GET 200 https://registry.npmjs.org/cookie/-/cookie-0.7.1.tgz 441ms (cache miss)
371 timing reifyNode:node_modules/cookie Completed in 571ms
372 http fetch GET 200 https://registry.npmjs.org/encodeurl/-/encodeurl-2.0.0.tgz 452ms (cache miss)
373 timing reifyNode:node_modules/encodeurl Completed in 571ms
374 http fetch GET 200 https://registry.npmjs.org/depd/-/depd-2.0.0.tgz 451ms (cache miss)
375 timing reifyNode:node_modules/depd Completed in 572ms
376 http fetch GET 200 https://registry.npmjs.org/ms/-/ms-2.1.3.tgz 416ms (cache miss)
377 timing reifyNode:node_modules/send/node_modules/ms Completed in 574ms
378 http fetch GET 200 https://registry.npmjs.org/content-disposition/-/content-disposition-0.5.4.tgz 441ms (cache miss)
379 timing reifyNode:node_modules/content-disposition Completed in 574ms
380 http fetch GET 200 https://registry.npmjs.org/statuses/-/statuses-2.0.1.tgz 513ms (cache miss)
381 timing reifyNode:node_modules/statuses Completed in 577ms
382 http fetch GET 200 https://registry.npmjs.org/serve-static/-/serve-static-1.16.2.tgz 511ms (cache miss)
383 timing reifyNode:node_modules/serve-static Completed in 577ms
384 http fetch GET 200 https://registry.npmjs.org/http-errors/-/http-errors-2.0.0.tgz 468ms (cache miss)
385 timing reifyNode:node_modules/http-errors Completed in 576ms
386 http fetch GET 200 https://registry.npmjs.org/content-type/-/content-type-1.0.5.tgz 445ms (cache miss)
387 timing reifyNode:node_modules/content-type Completed in 577ms
388 http fetch GET 200 https://registry.npmjs.org/finalhandler/-/finalhandler-1.3.1.tgz 466ms (cache miss)
389 timing reifyNode:node_modules/finalhandler Completed in 577ms
390 http fetch GET 200 https://registry.npmjs.org/encodeurl/-/encodeurl-1.0.2.tgz 420ms (cache miss)
391 timing reifyNode:node_modules/send/node_modules/encodeurl Completed in 578ms
392 http fetch GET 200 https://registry.npmjs.org/raw-body/-/raw-body-2.5.2.tgz 531ms (cache miss)
393 timing reifyNode:node_modules/raw-body Completed in 580ms
394 http fetch GET 200 https://registry.npmjs.org/side-channel/-/side-channel-1.0.6.tgz 549ms (cache miss)
395 timing reifyNode:node_modules/side-channel Completed in 582ms
396 http fetch GET 200 https://registry.npmjs.org/array-flatten/-/array-flatten-1.1.1.tgz 441ms (cache miss)
397 timing reifyNode:node_modules/array-flatten Completed in 581ms
398 http fetch GET 200 https://registry.npmjs.org/accepts/-/accepts-1.3.8.tgz 439ms (cache miss)
399 timing reifyNode:node_modules/accepts Completed in 581ms
400 http fetch GET 200 https://registry.npmjs.org/proxy-addr/-/proxy-addr-2.0.7.tgz 510ms (cache miss)
401 timing reifyNode:node_modules/proxy-addr Completed in 583ms
402 http fetch GET 200 https://registry.npmjs.org/debug/-/debug-2.6.9.tgz 461ms (cache miss)
403 http fetch GET 200 https://registry.npmjs.org/ipaddr.js/-/ipaddr.js-1.9.1.tgz 551ms (cache miss)
404 timing reifyNode:node_modules/ipaddr.js Completed in 587ms
405 timing reifyNode:node_modules/debug Completed in 585ms
406 http fetch GET 200 https://registry.npmjs.org/safer-buffer/-/safer-buffer-2.1.2.tgz 546ms (cache miss)
407 timing reifyNode:node_modules/safer-buffer Completed in 588ms
408 http fetch GET 200 https://registry.npmjs.org/mime/-/mime-1.6.0.tgz 559ms (cache miss)
409 timing reifyNode:node_modules/mime Completed in 593ms
410 http fetch GET 200 https://registry.npmjs.org/mime-db/-/mime-db-1.52.0.tgz 554ms (cache miss)
411 timing reifyNode:node_modules/mime-db Completed in 596ms
412 http fetch GET 200 https://registry.npmjs.org/body-parser/-/body-parser-1.20.3.tgz 455ms (cache miss)
413 timing reifyNode:node_modules/body-parser Completed in 594ms
414 http fetch GET 200 https://registry.npmjs.org/express/-/express-4.21.1.tgz 466ms (cache miss)
415 timing reifyNode:node_modules/express Completed in 609ms
416 http fetch GET 200 https://registry.npmjs.org/iconv-lite/-/iconv-lite-0.4.24.tgz 563ms (cache miss)
417 timing reifyNode:node_modules/iconv-lite Completed in 612ms
418 http fetch GET 200 https://registry.npmjs.org/qs/-/qs-6.13.0.tgz 540ms (cache miss)
419 timing reifyNode:node_modules/qs Completed in 613ms
420 http fetch GET 200 https://registry.npmjs.org/object-inspect/-/object-inspect-1.13.2.tgz 582ms (cache miss)
421 timing reifyNode:node_modules/object-inspect Completed in 616ms
422 timing reify:unpack Completed in 616ms
423 timing reify:unretire Completed in 0ms
424 timing build:queue Completed in 2ms
425 timing build:link:node_modules/mime Completed in 3ms
426 timing build:link Completed in 3ms
427 timing build:deps Completed in 5ms
428 timing build Completed in 5ms
429 timing reify:build Completed in 6ms
430 timing reify:trash Completed in 0ms
431 timing reify:save Completed in 64ms
432 timing reify Completed in 1495ms
433 silly ADD node_modules/media-typer
434 silly ADD node_modules/object-inspect
435 silly ADD node_modules/mime
436 silly ADD node_modules/side-channel
437 silly ADD node_modules/ipaddr.js
438 silly ADD node_modules/forwarded
439 silly ADD node_modules/ee-first
440 silly ADD node_modules/mime-db
441 silly ADD node_modules/safer-buffer
442 silly ADD node_modules/toidentifier
443 silly ADD node_modules/ms
444 silly ADD node_modules/unpipe
445 silly ADD node_modules/raw-body
446 silly ADD node_modules/iconv-lite
447 silly ADD node_modules/destroy
448 silly ADD node_modules/bytes
449 silly ADD node_modules/negotiator
450 silly ADD node_modules/mime-types
451 silly ADD node_modules/vary
452 silly ADD node_modules/utils-merge
453 silly ADD node_modules/type-is
454 silly ADD node_modules/statuses
455 silly ADD node_modules/setprototypeof
456 silly ADD node_modules/serve-static
457 silly ADD node_modules/send
458 silly ADD node_modules/send/node_modules/ms
459 silly ADD node_modules/send/node_modules/encodeurl
460 silly ADD node_modules/safe-buffer
461 silly ADD node_modules/range-parser
462 silly ADD node_modules/qs
463 silly ADD node_modules/proxy-addr
464 silly ADD node_modules/path-to-regexp
465 silly ADD node_modules/parseurl
466 silly ADD node_modules/on-finished
467 silly ADD node_modules/methods
468 silly ADD node_modules/merge-descriptors
469 silly ADD node_modules/http-errors
470 silly ADD node_modules/fresh
471 silly ADD node_modules/finalhandler
472 silly ADD node_modules/etag
473 silly ADD node_modules/escape-html
474 silly ADD node_modules/encodeurl
475 silly ADD node_modules/depd
476 silly ADD node_modules/debug
477 silly ADD node_modules/cookie-signature
478 silly ADD node_modules/cookie
479 silly ADD node_modules/content-type
480 silly ADD node_modules/content-disposition
481 silly ADD node_modules/body-parser
482 silly ADD node_modules/array-flatten
483 silly ADD node_modules/accepts
484 silly ADD node_modules/express
485 timing command:install Completed in 1503ms
486 verbose exit 0
487 timing npm Completed in 1609ms
488 info ok
