0 verbose cli /usr/bin/node /usr/bin/npm
1 info using npm@8.19.4
2 info using node@v16.20.2
3 timing npm:load:whichnode Completed in 1ms
4 timing config:load:defaults Completed in 2ms
5 timing config:load:file:/usr/lib/node_modules/npm/npmrc Completed in 13ms
6 timing config:load:builtin Completed in 13ms
7 timing config:load:cli Completed in 2ms
8 timing config:load:env Completed in 0ms
9 timing config:load:project Completed in 5ms
10 timing config:load:file:/home/ec2-user/.npmrc Completed in 0ms
11 timing config:load:user Completed in 0ms
12 timing config:load:file:/usr/etc/npmrc Completed in 0ms
13 timing config:load:global Completed in 0ms
14 timing config:load:validate Completed in 0ms
15 timing config:load:credentials Completed in 1ms
16 timing config:load:setEnvs Completed in 0ms
17 timing config:load Completed in 25ms
18 timing npm:load:configload Completed in 25ms
19 timing npm:load:mkdirpcache Completed in 1ms
20 timing npm:load:mkdirplogs Completed in 0ms
21 verbose title npm install passport passport-google-oauth20 express-session
22 verbose argv "install" "passport" "passport-google-oauth20" "express-session"
23 timing npm:load:setTitle Completed in 0ms
24 timing config:load:flatten Completed in 1ms
25 timing npm:load:display Completed in 5ms
26 verbose logfile logs-max:10 dir:/home/ec2-user/.npm/_logs
27 verbose logfile /home/ec2-user/.npm/_logs/2024-11-05T04_39_16_368Z-debug-0.log
28 timing npm:load:logFile Completed in 4ms
29 timing npm:load:timers Completed in 0ms
30 timing npm:load:configScope Completed in 0ms
31 timing npm:load Completed in 37ms
32 timing arborist:ctor Completed in 0ms
33 silly logfile done cleaning log files
34 timing arborist:ctor Completed in 0ms
35 timing idealTree:init Completed in 10ms
36 timing idealTree:userRequests Completed in 1ms
37 silly idealTree buildDeps
38 silly fetch manifest passport@*
39 http fetch GET 200 https://registry.npmjs.org/passport 86ms (cache miss)
40 silly fetch manifest passport-google-oauth20@*
41 http fetch GET 200 https://registry.npmjs.org/passport-google-oauth20 324ms (cache miss)
42 silly fetch manifest express-session@*
43 http fetch GET 200 https://registry.npmjs.org/express-session 27ms (cache miss)
44 silly placeDep ROOT express-session@1.18.1 OK for:  want: *
45 silly placeDep ROOT passport@0.7.0 OK for:  want: *
46 silly placeDep ROOT passport-google-oauth20@2.0.0 OK for:  want: *
47 silly fetch manifest depd@~2.0.0
48 silly fetch manifest debug@2.6.9
49 silly fetch manifest cookie@0.7.2
50 silly fetch manifest parseurl@~1.3.3
51 silly fetch manifest uid-safe@~2.1.5
52 silly fetch manifest on-headers@~1.0.2
53 silly fetch manifest safe-buffer@5.2.1
54 silly fetch manifest cookie-signature@1.0.7
55 silly fetch manifest pause@0.0.1
56 silly fetch manifest utils-merge@^1.0.1
57 silly fetch manifest passport-strategy@1.x.x
58 silly fetch manifest passport-oauth2@1.x.x
59 http fetch GET 200 https://registry.npmjs.org/passport-strategy 52ms (cache miss)
60 http fetch GET 200 https://registry.npmjs.org/on-headers 57ms (cache miss)
61 http fetch GET 200 https://registry.npmjs.org/uid-safe 57ms (cache miss)
62 http fetch GET 200 https://registry.npmjs.org/passport-oauth2 54ms (cache miss)
63 http fetch GET 200 https://registry.npmjs.org/pause 55ms (cache miss)
64 http fetch GET 200 https://registry.npmjs.org/cookie-signature 76ms (cache revalidated)
65 http fetch GET 200 https://registry.npmjs.org/cookie 80ms (cache revalidated)
66 http fetch GET 200 https://registry.npmjs.org/depd 82ms (cache revalidated)
67 http fetch GET 200 https://registry.npmjs.org/parseurl 82ms (cache revalidated)
68 http fetch GET 200 https://registry.npmjs.org/utils-merge 80ms (cache revalidated)
69 http fetch GET 200 https://registry.npmjs.org/safe-buffer 97ms (cache revalidated)
70 http fetch GET 200 https://registry.npmjs.org/debug 128ms (cache revalidated)
71 timing idealTree:#root Completed in 584ms
72 silly placeDep ROOT cookie@0.7.2 OK for: express-session@1.18.1 want: 0.7.2
73 silly placeDep ROOT cookie-signature@1.0.7 OK for: express-session@1.18.1 want: 1.0.7
74 silly placeDep ROOT debug@2.6.9 OK for: express-session@1.18.1 want: 2.6.9
75 silly placeDep ROOT depd@2.0.0 OK for: express-session@1.18.1 want: ~2.0.0
76 silly placeDep ROOT on-headers@1.0.2 OK for: express-session@1.18.1 want: ~1.0.2
77 silly placeDep ROOT parseurl@1.3.3 OK for: express-session@1.18.1 want: ~1.3.3
78 silly placeDep ROOT safe-buffer@5.2.1 OK for: express-session@1.18.1 want: 5.2.1
79 silly placeDep ROOT uid-safe@2.1.5 OK for: express-session@1.18.1 want: ~2.1.5
80 silly fetch manifest ms@2.0.0
81 silly fetch manifest random-bytes@~1.0.0
82 http fetch GET 200 https://registry.npmjs.org/ms 30ms (cache revalidated)
83 http fetch GET 200 https://registry.npmjs.org/random-bytes 34ms (cache miss)
84 timing idealTree:node_modules/express-session Completed in 61ms
85 timing idealTree:node_modules/cookie Completed in 0ms
86 timing idealTree:node_modules/cookie-signature Completed in 0ms
87 silly placeDep ROOT ms@2.0.0 OK for: debug@2.6.9 want: 2.0.0
88 timing idealTree:node_modules/debug Completed in 2ms
89 timing idealTree:node_modules/depd Completed in 0ms
90 timing idealTree:node_modules/ms Completed in 0ms
91 timing idealTree:node_modules/on-headers Completed in 0ms
92 timing idealTree:node_modules/parseurl Completed in 0ms
93 silly placeDep ROOT passport-strategy@1.0.0 OK for: passport@0.7.0 want: 1.x.x
94 silly placeDep ROOT pause@0.0.1 OK for: passport@0.7.0 want: 0.0.1
95 silly placeDep ROOT utils-merge@1.0.1 OK for: passport@0.7.0 want: ^1.0.1
96 timing idealTree:node_modules/passport Completed in 7ms
97 silly placeDep ROOT passport-oauth2@1.8.0 OK for: passport-google-oauth20@2.0.0 want: 1.x.x
98 silly fetch manifest base64url@3.x.x
99 silly fetch manifest oauth@0.10.x
100 silly fetch manifest uid2@0.0.x
101 http fetch GET 200 https://registry.npmjs.org/uid2 24ms (cache miss)
102 http fetch GET 200 https://registry.npmjs.org/oauth 32ms (cache miss)
103 http fetch GET 200 https://registry.npmjs.org/base64url 32ms (cache miss)
104 timing idealTree:node_modules/passport-google-oauth20 Completed in 35ms
105 silly placeDep ROOT base64url@3.0.1 OK for: passport-oauth2@1.8.0 want: 3.x.x
106 silly placeDep ROOT oauth@0.10.0 OK for: passport-oauth2@1.8.0 want: 0.10.x
107 silly placeDep ROOT uid2@0.0.4 OK for: passport-oauth2@1.8.0 want: 0.0.x
108 timing idealTree:node_modules/passport-oauth2 Completed in 3ms
109 timing idealTree:node_modules/base64url Completed in 0ms
110 timing idealTree:node_modules/oauth Completed in 0ms
111 timing idealTree:node_modules/passport-strategy Completed in 0ms
112 timing idealTree:node_modules/pause Completed in 0ms
113 timing idealTree:node_modules/safe-buffer Completed in 0ms
114 silly placeDep ROOT random-bytes@1.0.0 OK for: uid-safe@2.1.5 want: ~1.0.0
115 timing idealTree:node_modules/uid-safe Completed in 1ms
116 timing idealTree:node_modules/random-bytes Completed in 0ms
117 timing idealTree:node_modules/uid2 Completed in 0ms
118 timing idealTree:node_modules/utils-merge Completed in 0ms
119 timing idealTree:buildDeps Completed in 697ms
120 timing idealTree:fixDepFlags Completed in 2ms
121 timing idealTree Completed in 712ms
122 timing reify:loadTrees Completed in 713ms
123 timing reify:diffTrees Completed in 1ms
124 silly reify moves {}
125 timing reify:retireShallow Completed in 1ms
126 timing reify:createSparse Completed in 6ms
127 timing reify:loadBundles Completed in 0ms
128 silly audit bulk request {
128 silly audit   'express-session': [ '1.18.1' ],
128 silly audit   passport: [ '0.7.0' ],
128 silly audit   'passport-google-oauth20': [ '2.0.0' ],
128 silly audit   cookie: [ '0.7.2' ],
128 silly audit   'cookie-signature': [ '1.0.7' ],
128 silly audit   debug: [ '2.6.9' ],
128 silly audit   depd: [ '2.0.0' ],
128 silly audit   'on-headers': [ '1.0.2' ],
128 silly audit   parseurl: [ '1.3.3' ],
128 silly audit   'safe-buffer': [ '5.2.1' ],
128 silly audit   'uid-safe': [ '2.1.5' ],
128 silly audit   ms: [ '2.0.0' ],
128 silly audit   'passport-strategy': [ '1.0.0' ],
128 silly audit   pause: [ '0.0.1' ],
128 silly audit   'utils-merge': [ '1.0.1' ],
128 silly audit   'passport-oauth2': [ '1.8.0' ],
128 silly audit   base64url: [ '3.0.1' ],
128 silly audit   oauth: [ '0.10.0' ],
128 silly audit   uid2: [ '0.0.4' ],
128 silly audit   'random-bytes': [ '1.0.0' ]
128 silly audit }
129 silly tarball no local data for random-bytes@https://registry.npmjs.org/random-bytes/-/random-bytes-1.0.0.tgz. Extracting by manifest.
130 silly tarball no local data for uid2@https://registry.npmjs.org/uid2/-/uid2-0.0.4.tgz. Extracting by manifest.
131 silly tarball no local data for oauth@https://registry.npmjs.org/oauth/-/oauth-0.10.0.tgz. Extracting by manifest.
132 silly tarball no local data for base64url@https://registry.npmjs.org/base64url/-/base64url-3.0.1.tgz. Extracting by manifest.
133 silly tarball no local data for passport-oauth2@https://registry.npmjs.org/passport-oauth2/-/passport-oauth2-1.8.0.tgz. Extracting by manifest.
134 silly tarball no local data for pause@https://registry.npmjs.org/pause/-/pause-0.0.1.tgz. Extracting by manifest.
135 silly tarball no local data for passport-strategy@https://registry.npmjs.org/passport-strategy/-/passport-strategy-1.0.0.tgz. Extracting by manifest.
136 silly tarball no local data for uid-safe@https://registry.npmjs.org/uid-safe/-/uid-safe-2.1.5.tgz. Extracting by manifest.
137 silly tarball no local data for on-headers@https://registry.npmjs.org/on-headers/-/on-headers-1.0.2.tgz. Extracting by manifest.
138 silly tarball no local data for cookie-signature@https://registry.npmjs.org/cookie-signature/-/cookie-signature-1.0.7.tgz. Extracting by manifest.
139 silly tarball no local data for cookie@https://registry.npmjs.org/cookie/-/cookie-0.7.2.tgz. Extracting by manifest.
140 silly tarball no local data for passport-google-oauth20@https://registry.npmjs.org/passport-google-oauth20/-/passport-google-oauth20-2.0.0.tgz. Extracting by manifest.
141 silly tarball no local data for passport@https://registry.npmjs.org/passport/-/passport-0.7.0.tgz. Extracting by manifest.
142 silly tarball no local data for express-session@https://registry.npmjs.org/express-session/-/express-session-1.18.1.tgz. Extracting by manifest.
143 http fetch POST 200 https://registry.npmjs.org/-/npm/v1/security/advisories/bulk 167ms
144 timing auditReport:getReport Completed in 171ms
145 silly audit report {}
146 timing auditReport:init Completed in 0ms
147 timing reify:audit Completed in 171ms
148 timing reifyNode:node_modules/ms Completed in 187ms
149 timing reifyNode:node_modules/utils-merge Completed in 192ms
150 timing reifyNode:node_modules/parseurl Completed in 192ms
151 timing reifyNode:node_modules/safe-buffer Completed in 202ms
152 timing reifyNode:node_modules/depd Completed in 213ms
153 http fetch GET 200 https://registry.npmjs.org/on-headers/-/on-headers-1.0.2.tgz 193ms (cache miss)
154 timing reifyNode:node_modules/on-headers Completed in 223ms
155 http fetch GET 200 https://registry.npmjs.org/uid2/-/uid2-0.0.4.tgz 205ms (cache miss)
156 timing reifyNode:node_modules/uid2 Completed in 225ms
157 http fetch GET 200 https://registry.npmjs.org/pause/-/pause-0.0.1.tgz 203ms (cache miss)
158 timing reifyNode:node_modules/pause Completed in 226ms
159 http fetch GET 200 https://registry.npmjs.org/cookie-signature/-/cookie-signature-1.0.7.tgz 194ms (cache miss)
160 timing reifyNode:node_modules/cookie-signature Completed in 227ms
161 http fetch GET 200 https://registry.npmjs.org/passport-strategy/-/passport-strategy-1.0.0.tgz 205ms (cache miss)
162 timing reifyNode:node_modules/passport-strategy Completed in 229ms
163 http fetch GET 200 https://registry.npmjs.org/uid-safe/-/uid-safe-2.1.5.tgz 201ms (cache miss)
164 timing reifyNode:node_modules/uid-safe Completed in 230ms
165 http fetch GET 200 https://registry.npmjs.org/random-bytes/-/random-bytes-1.0.0.tgz 218ms (cache miss)
166 timing reifyNode:node_modules/random-bytes Completed in 235ms
167 timing reifyNode:node_modules/debug Completed in 235ms
168 http fetch GET 200 https://registry.npmjs.org/base64url/-/base64url-3.0.1.tgz 214ms (cache miss)
169 timing reifyNode:node_modules/base64url Completed in 236ms
170 http fetch GET 200 https://registry.npmjs.org/cookie/-/cookie-0.7.2.tgz 203ms (cache miss)
171 timing reifyNode:node_modules/cookie Completed in 240ms
172 http fetch GET 200 https://registry.npmjs.org/passport-google-oauth20/-/passport-google-oauth20-2.0.0.tgz 204ms (cache miss)
173 timing reifyNode:node_modules/passport-google-oauth20 Completed in 243ms
174 http fetch GET 200 https://registry.npmjs.org/passport-oauth2/-/passport-oauth2-1.8.0.tgz 228ms (cache miss)
175 timing reifyNode:node_modules/passport-oauth2 Completed in 250ms
176 http fetch GET 200 https://registry.npmjs.org/express-session/-/express-session-1.18.1.tgz 215ms (cache miss)
177 timing reifyNode:node_modules/express-session Completed in 254ms
178 http fetch GET 200 https://registry.npmjs.org/oauth/-/oauth-0.10.0.tgz 236ms (cache miss)
179 timing reifyNode:node_modules/oauth Completed in 257ms
180 http fetch GET 200 https://registry.npmjs.org/passport/-/passport-0.7.0.tgz 223ms (cache miss)
181 timing reifyNode:node_modules/passport Completed in 261ms
182 timing reify:unpack Completed in 264ms
183 timing reify:unretire Completed in 0ms
184 timing build:queue Completed in 1ms
185 timing build:deps Completed in 1ms
186 timing build Completed in 1ms
187 timing reify:build Completed in 2ms
188 timing reify:trash Completed in 0ms
189 timing reify:save Completed in 12ms
190 timing reify Completed in 1015ms
191 silly ADD node_modules/random-bytes
192 silly ADD node_modules/uid2
193 silly ADD node_modules/oauth
194 silly ADD node_modules/base64url
195 silly ADD node_modules/passport-oauth2
196 silly ADD node_modules/utils-merge
197 silly ADD node_modules/pause
198 silly ADD node_modules/passport-strategy
199 silly ADD node_modules/ms
200 silly ADD node_modules/uid-safe
201 silly ADD node_modules/safe-buffer
202 silly ADD node_modules/parseurl
203 silly ADD node_modules/on-headers
204 silly ADD node_modules/depd
205 silly ADD node_modules/debug
206 silly ADD node_modules/cookie-signature
207 silly ADD node_modules/cookie
208 silly ADD node_modules/passport-google-oauth20
209 silly ADD node_modules/passport
210 silly ADD node_modules/express-session
211 timing command:install Completed in 1020ms
212 verbose exit 0
213 timing npm Completed in 1127ms
214 info ok
