0 verbose cli /usr/bin/node /usr/bin/npm
1 info using npm@8.19.4
2 info using node@v16.20.2
3 timing npm:load:whichnode Completed in 0ms
4 timing config:load:defaults Completed in 1ms
5 timing config:load:file:/usr/lib/node_modules/npm/npmrc Completed in 13ms
6 timing config:load:builtin Completed in 13ms
7 timing config:load:cli Completed in 2ms
8 timing config:load:env Completed in 0ms
9 timing config:load:file:/home/ec2-user/image-upload-app/.npmrc Completed in 0ms
10 timing config:load:project Completed in 6ms
11 timing config:load:file:/home/ec2-user/.npmrc Completed in 0ms
12 timing config:load:user Completed in 0ms
13 timing config:load:file:/usr/etc/npmrc Completed in 0ms
14 timing config:load:global Completed in 0ms
15 timing config:load:validate Completed in 0ms
16 timing config:load:credentials Completed in 1ms
17 timing config:load:setEnvs Completed in 1ms
18 timing config:load Completed in 25ms
19 timing npm:load:configload Completed in 25ms
20 timing npm:load:mkdirpcache Completed in 1ms
21 timing npm:load:mkdirplogs Completed in 0ms
22 verbose title npm install body-parser
23 verbose argv "install" "body-parser"
24 timing npm:load:setTitle Completed in 1ms
25 timing config:load:flatten Completed in 2ms
26 timing npm:load:display Completed in 4ms
27 verbose logfile logs-max:10 dir:/home/ec2-user/.npm/_logs
28 verbose logfile /home/ec2-user/.npm/_logs/2024-11-03T01_46_53_149Z-debug-0.log
29 timing npm:load:logFile Completed in 4ms
30 timing npm:load:timers Completed in 0ms
31 timing npm:load:configScope Completed in 0ms
32 timing npm:load Completed in 35ms
33 timing arborist:ctor Completed in 1ms
34 silly logfile done cleaning log files
35 timing idealTree:init Completed in 101ms
36 timing idealTree:userRequests Completed in 1ms
37 silly idealTree buildDeps
38 silly fetch manifest body-parser@*
39 timing arborist:ctor Completed in 0ms
40 http fetch GET 200 https://registry.npmjs.org/body-parser 59ms (cache hit)
41 silly placeDep ROOT body-parser@1.20.3 REPLACE for: image-upload-app@1.0.0 want: *
42 timing idealTree:#root Completed in 68ms
43 timing idealTree:node_modules/body-parser Completed in 0ms
44 timing idealTree:buildDeps Completed in 69ms
45 timing idealTree:fixDepFlags Completed in 1ms
46 timing idealTree Completed in 175ms
47 timing reify:loadTrees Completed in 176ms
48 timing reify:diffTrees Completed in 3ms
49 silly reify moves {}
50 timing reify:retireShallow Completed in 1ms
51 timing reify:createSparse Completed in 0ms
52 timing reify:loadBundles Completed in 0ms
53 silly audit bulk request {
53 silly audit   accepts: [ '1.3.8' ],
53 silly audit   'array-flatten': [ '1.1.1' ],
53 silly audit   'available-typed-arrays': [ '1.0.7' ],
53 silly audit   'aws-sdk': [ '2.1691.0' ],
53 silly audit   'base64-js': [ '1.5.1' ],
53 silly audit   buffer: [ '4.9.2' ],
53 silly audit   bytes: [ '3.1.2' ],
53 silly audit   'call-bind': [ '1.0.7' ],
53 silly audit   'content-disposition': [ '0.5.4' ],
53 silly audit   'content-type': [ '1.0.5' ],
53 silly audit   cookie: [ '0.7.1' ],
53 silly audit   'cookie-signature': [ '1.0.6' ],
53 silly audit   debug: [ '2.6.9' ],
53 silly audit   'define-data-property': [ '1.1.4' ],
53 silly audit   depd: [ '2.0.0' ],
53 silly audit   destroy: [ '1.2.0' ],
53 silly audit   dotenv: [ '16.4.5' ],
53 silly audit   'ee-first': [ '1.1.1' ],
53 silly audit   encodeurl: [ '2.0.0', '1.0.2' ],
53 silly audit   'es-define-property': [ '1.0.0' ],
53 silly audit   'es-errors': [ '1.3.0' ],
53 silly audit   'escape-html': [ '1.0.3' ],
53 silly audit   etag: [ '1.8.1' ],
53 silly audit   events: [ '1.1.1' ],
53 silly audit   express: [ '4.21.1' ],
53 silly audit   finalhandler: [ '1.3.1' ],
53 silly audit   'for-each': [ '0.3.3' ],
53 silly audit   forwarded: [ '0.2.0' ],
53 silly audit   fresh: [ '0.5.2' ],
53 silly audit   'function-bind': [ '1.1.2' ],
53 silly audit   'get-intrinsic': [ '1.2.4' ],
53 silly audit   gopd: [ '1.0.1' ],
53 silly audit   'has-property-descriptors': [ '1.0.2' ],
53 silly audit   'has-proto': [ '1.0.3' ],
53 silly audit   'has-symbols': [ '1.0.3' ],
53 silly audit   'has-tostringtag': [ '1.0.2' ],
53 silly audit   hasown: [ '2.0.2' ],
53 silly audit   'http-errors': [ '2.0.0' ],
53 silly audit   'iconv-lite': [ '0.4.24' ],
53 silly audit   ieee754: [ '1.1.13' ],
53 silly audit   inherits: [ '2.0.4' ],
53 silly audit   'ipaddr.js': [ '1.9.1' ],
53 silly audit   'is-arguments': [ '1.1.1' ],
53 silly audit   'is-callable': [ '1.2.7' ],
53 silly audit   'is-generator-function': [ '1.0.10' ],
53 silly audit   'is-typed-array': [ '1.1.13' ],
53 silly audit   isarray: [ '1.0.0' ],
53 silly audit   jmespath: [ '0.16.0' ],
53 silly audit   'media-typer': [ '0.3.0' ],
53 silly audit   'merge-descriptors': [ '1.0.3' ],
53 silly audit   methods: [ '1.1.2' ],
53 silly audit   mime: [ '1.6.0' ],
53 silly audit   'mime-db': [ '1.52.0' ],
53 silly audit   'mime-types': [ '2.1.35' ],
53 silly audit   ms: [ '2.0.0', '2.1.3' ],
53 silly audit   negotiator: [ '0.6.3' ],
53 silly audit   'object-inspect': [ '1.13.2' ],
53 silly audit   'on-finished': [ '2.4.1' ],
53 silly audit   parseurl: [ '1.3.3' ],
53 silly audit   'path-to-regexp': [ '0.1.10' ],
53 silly audit   'possible-typed-array-names': [ '1.0.0' ],
53 silly audit   'proxy-addr': [ '2.0.7' ],
53 silly audit   punycode: [ '1.3.2' ],
53 silly audit   qs: [ '6.13.0' ],
53 silly audit   querystring: [ '0.2.0' ],
53 silly audit   'range-parser': [ '1.2.1' ],
53 silly audit   'raw-body': [ '2.5.2' ],
53 silly audit   'safe-buffer': [ '5.2.1' ],
53 silly audit   'safer-buffer': [ '2.1.2' ],
53 silly audit   sax: [ '1.2.1' ],
53 silly audit   send: [ '0.19.0' ],
53 silly audit   'serve-static': [ '1.16.2' ],
53 silly audit   'set-function-length': [ '1.2.2' ],
53 silly audit   setprototypeof: [ '1.2.0' ],
53 silly audit   'side-channel': [ '1.0.6' ],
53 silly audit   statuses: [ '2.0.1' ],
53 silly audit   toidentifier: [ '1.0.1' ],
53 silly audit   'type-is': [ '1.6.18' ],
53 silly audit   unpipe: [ '1.0.0' ],
53 silly audit   url: [ '0.10.3' ],
53 silly audit   util: [ '0.12.5' ],
53 silly audit   'utils-merge': [ '1.0.1' ],
53 silly audit   uuid: [ '8.0.0' ],
53 silly audit   vary: [ '1.1.2' ],
53 silly audit   'which-typed-array': [ '1.1.15' ],
53 silly audit   xml2js: [ '0.6.2' ],
53 silly audit   xmlbuilder: [ '11.0.1' ],
53 silly audit   'body-parser': [ '1.20.3' ]
53 silly audit }
54 timing reify:unpack Completed in 1ms
55 timing reify:unretire Completed in 0ms
56 timing build:queue Completed in 0ms
57 timing build:deps Completed in 1ms
58 timing build Completed in 1ms
59 timing reify:build Completed in 1ms
60 timing reify:trash Completed in 0ms
61 timing reify:save Completed in 27ms
62 http fetch POST 200 https://registry.npmjs.org/-/npm/v1/security/advisories/bulk 175ms
63 timing auditReport:getReport Completed in 179ms
64 silly audit report {}
65 timing auditReport:init Completed in 0ms
66 timing reify:audit Completed in 179ms
67 timing reify Completed in 369ms
68 timing command:install Completed in 376ms
69 verbose exit 0
70 timing npm Completed in 480ms
71 info ok
